TN:
SF:02-ratelimitter.js
FNF:0
FNH:0
DA:1,1
DA:2,1
DA:3,1
DA:4,1
DA:5,1
DA:6,1
DA:7,1
DA:8,1
DA:9,1
DA:10,1
DA:11,1
DA:12,1
DA:13,1
DA:14,1
DA:15,1
DA:16,1
DA:17,1
DA:18,1
DA:19,2
DA:20,1
DA:21,1
DA:22,1
DA:23,1
DA:24,1
DA:25,13
DA:26,13
DA:27,13
DA:28,13
DA:29,13
DA:30,11
DA:31,11
DA:32,11
DA:33,11
DA:34,11
DA:35,7
DA:36,11
DA:37,4
DA:38,4
DA:39,13
DA:40,2
DA:41,2
DA:42,2
DA:43,2
DA:44,2
DA:45,13
DA:46,1
DA:47,1
DA:48,6
DA:49,1
DA:50,1
DA:51,1
DA:52,0
DA:53,1
DA:54,1
DA:55,1
DA:56,1
DA:57,1
DA:58,1
DA:59,1
DA:60,1
DA:61,1
LF:61
LH:60
BRDA:18,0,0,2
BRDA:24,1,0,13
BRDA:29,2,0,11
BRDA:34,3,0,7
BRDA:36,4,0,4
BRDA:39,5,0,2
BRDA:47,6,0,6
BRF:7
BRH:7
end_of_record
